[Sat Jun 13 23:48:36 2015] ::1:53615 [500]: /config/locale/en/story.md

[Sat Jun 13 23:48:38 2015] ::1:53616 [500] world.ERROR
dir: /Users/shogochiai/ark/app/util/translator.noah:23
token: "I0SdMfBEKmwNfqDsYTBeMtM2AVHNA7DZSG8oKrt2WoTkqWi0U8Sk8TBxwJoGl9Mr9fLfkfJNV1VhjG7k5vv7fteYPoBNpIz2D8eH"
code:
>>>>>>>>>>>>>>>>>>>>>>>>>>>>>>>>>>>>>>>>>>>>>>>>
16:   */
17:  // translation funciton
18:
19:  public function localize(request){
20:    lang = request.input("subscriber_language");
21:    page = request.input("next_page");
22:
23:    doc = new Doc(page, lang);
24:
25:    return response(doc);
26:   }
27:    /*
28:    * If something wrong,
29:    *       use original text.
30:    */
<<<<<<<<<<<<<<<<<<<<<<<<<<<<<<<<<<<<<<<<<<<<<<<<<

[Sat Jun 13 23:48:40 2015] ::1:53615 [200]: /config/locale/ja/story.md
